<?xml version="1.0" encoding="UTF-8"?>
<!-- Generated by org.testng.reporters.JUnitXMLReporter -->
<testsuite ignored="0" hostname="LAPTOP-FPBKDM00" failures="6" tests="8" name="LoginPageTest" time="46.447" errors="0" timestamp="2022-12-01T19:53:06 IST">
  <testcase classname="com.TrainerManagementSystem.testCases.TC_LoginTest" name="LoginTest" time="7.109"/>
  <testcase classname="com.TrainerManagementSystem.testCases.TC_LoginTest" name="LoginTest" time="3.889">
    <failure type="java.lang.AssertionError" message="expected [true] but found [false]">
      <![CDATA[java.lang.AssertionError: expected [true] but found [false]
at com.TrainerManagementSystem.testCases.TC_LoginTest.LoginTest(TC_LoginTest.java:59)
at java.base/java.util.ArrayList.forEach(ArrayList.java:1511)
... Removed 31 stack frames]]>
    </failure>
  </testcase> <!-- LoginTest -->
  <testcase classname="com.TrainerManagementSystem.testCases.TC_LoginTest" name="LoginTest" time="1.527">
    <failure type="org.openqa.selenium.ElementClickInterceptedException" message="element click intercepted: Element &amp;lt;button _ngcontent-lrb-c30=&amp;quot;&amp;quot; type=&amp;quot;submit&amp;quot; class=&amp;quot;w-100 btn btn-lg btn-primary&amp;quot; disabled=&amp;quot;&amp;quot;&amp;gt;...&amp;lt;/button&amp;gt; is not clickable at point (768, 465). Other element would receive the click: &amp;lt;form _ngcontent-lrb-c30=&amp;quot;&amp;quot; novalidate=&amp;quot;&amp;quot; class=&amp;quot;ng-dirty ng-touched ng-submitted ng-invalid&amp;quot;&amp;gt;...&amp;lt;/form&amp;gt;
  (Session info: chrome=107.0.5304.123)
Build info: version: &amp;apos;4.4.0&amp;apos;, revision: &amp;apos;e5c75ed026a&amp;apos;
System info: host: &amp;apos;LAPTOP-FPBKDM00&amp;apos;, ip: &amp;apos;192.168.1.2&amp;apos;, os.name: &amp;apos;Windows 10&amp;apos;, os.arch: &amp;apos;amd64&amp;apos;, os.version: &amp;apos;10.0&amp;apos;, java.version: &amp;apos;17.0.1&amp;apos;
Driver info: org.openqa.selenium.chrome.ChromeDriver
Command: [4980eeb675db44af4704b702860c8af1, clickElement {id=f6838a7f-ace4-471a-9d16-0ccf21d195ca}]
Capabilities {acceptInsecureCerts: false, browserName: chrome, browserVersion: 107.0.5304.123, chrome: {chromedriverVersion: 106.0.5249.61 (511755355844..., userDataDir: C:\Users\HP\AppData\Local\T...}, goog:chromeOptions: {debuggerAddress: localhost:54025}, networkConnectionEnabled: false, pageLoadStrategy: normal, platformName: WINDOWS, proxy: Proxy(), se:cdp: ws://localhost:54025/devtoo..., se:cdpVersion: 107.0.5304.123, setWindowRect: true, strictFileInteractability: false, timeouts: {implicit: 0, pageLoad: 300000, script: 30000}, unhandledPromptBehavior: dismiss and notify, webauthn:extension:credBlob: true, webauthn:extension:largeBlob: true, webauthn:virtualAuthenticators: true}
Element: [[ChromeDriver: chrome on WINDOWS (4980eeb675db44af4704b702860c8af1)] -&amp;gt; xpath: /html/body/app-root/app-login/main/form/button]
Session ID: 4980eeb675db44af4704b702860c8af1">
      <![CDATA[org.openqa.selenium.ElementClickInterceptedException: element click intercepted: Element <button _ngcontent-lrb-c30="" type="submit" class="w-100 btn btn-lg btn-primary" disabled="">...</button> is not clickable at point (768, 465). Other element would receive the click: <form _ngcontent-lrb-c30="" novalidate="" class="ng-dirty ng-touched ng-submitted ng-invalid">...</form>
  (Session info: chrome=107.0.5304.123)
Build info: version: '4.4.0', revision: 'e5c75ed026a'
System info: host: 'LAPTOP-FPBKDM00', ip: '192.168.1.2', os.name: 'Windows 10', os.arch: 'amd64', os.version: '10.0', java.version: '17.0.1'
Driver info: org.openqa.selenium.chrome.ChromeDriver
Command: [4980eeb675db44af4704b702860c8af1, clickElement {id=f6838a7f-ace4-471a-9d16-0ccf21d195ca}]
Capabilities {acceptInsecureCerts: false, browserName: chrome, browserVersion: 107.0.5304.123, chrome: {chromedriverVersion: 106.0.5249.61 (511755355844..., userDataDir: C:\Users\HP\AppData\Local\T...}, goog:chromeOptions: {debuggerAddress: localhost:54025}, networkConnectionEnabled: false, pageLoadStrategy: normal, platformName: WINDOWS, proxy: Proxy(), se:cdp: ws://localhost:54025/devtoo..., se:cdpVersion: 107.0.5304.123, setWindowRect: true, strictFileInteractability: false, timeouts: {implicit: 0, pageLoad: 300000, script: 30000}, unhandledPromptBehavior: dismiss and notify, webauthn:extension:credBlob: true, webauthn:extension:largeBlob: true, webauthn:virtualAuthenticators: true}
Element: [[ChromeDriver: chrome on WINDOWS (4980eeb675db44af4704b702860c8af1)] -> xpath: /html/body/app-root/app-login/main/form/button]
Session ID: 4980eeb675db44af4704b702860c8af1
at org.openqa.selenium.remote.codec.w3c.W3CHttpResponseCodec.createException(W3CHttpResponseCodec.java:200)
at org.openqa.selenium.remote.codec.w3c.W3CHttpResponseCodec.decode(W3CHttpResponseCodec.java:133)
at org.openqa.selenium.remote.codec.w3c.W3CHttpResponseCodec.decode(W3CHttpResponseCodec.java:53)
at org.openqa.selenium.remote.HttpCommandExecutor.execute(HttpCommandExecutor.java:184)
at org.openqa.selenium.remote.service.DriverCommandExecutor.invokeExecute(DriverCommandExecutor.java:167)
at org.openqa.selenium.remote.service.DriverCommandExecutor.execute(DriverCommandExecutor.java:142)
at org.openqa.selenium.remote.RemoteWebDriver.execute(RemoteWebDriver.java:547)
at org.openqa.selenium.remote.RemoteWebElement.execute(RemoteWebElement.java:257)
at org.openqa.selenium.remote.RemoteWebElement.click(RemoteWebElement.java:78)
at org.openqa.selenium.support.pagefactory.internal.LocatingElementHandler.invoke(LocatingElementHandler.java:52)
at jdk.proxy2/jdk.proxy2.$Proxy20.click(Unknown Source)
at com.TrainerManagementSystem.pageObjects.LoginPage.clickLoginButton(LoginPage.java:76)
at com.TrainerManagementSystem.testCases.TC_LoginTest.LoginTest(TC_LoginTest.java:30)
at java.base/java.util.ArrayList.forEach(ArrayList.java:1511)
... Removed 36 stack frames]]>
    </failure>
  </testcase> <!-- LoginTest -->
  <testcase classname="com.TrainerManagementSystem.testCases.TC_LoginTest" name="LoginTest" time="1.418">
    <failure type="org.openqa.selenium.ElementClickInterceptedException" message="element click intercepted: Element &amp;lt;button _ngcontent-lrb-c30=&amp;quot;&amp;quot; type=&amp;quot;submit&amp;quot; class=&amp;quot;w-100 btn btn-lg btn-primary&amp;quot; disabled=&amp;quot;&amp;quot;&amp;gt;...&amp;lt;/button&amp;gt; is not clickable at point (768, 465). Other element would receive the click: &amp;lt;form _ngcontent-lrb-c30=&amp;quot;&amp;quot; novalidate=&amp;quot;&amp;quot; class=&amp;quot;ng-dirty ng-touched ng-submitted ng-invalid&amp;quot;&amp;gt;...&amp;lt;/form&amp;gt;
  (Session info: chrome=107.0.5304.123)
Build info: version: &amp;apos;4.4.0&amp;apos;, revision: &amp;apos;e5c75ed026a&amp;apos;
System info: host: &amp;apos;LAPTOP-FPBKDM00&amp;apos;, ip: &amp;apos;192.168.1.2&amp;apos;, os.name: &amp;apos;Windows 10&amp;apos;, os.arch: &amp;apos;amd64&amp;apos;, os.version: &amp;apos;10.0&amp;apos;, java.version: &amp;apos;17.0.1&amp;apos;
Driver info: org.openqa.selenium.chrome.ChromeDriver
Command: [4980eeb675db44af4704b702860c8af1, clickElement {id=f6838a7f-ace4-471a-9d16-0ccf21d195ca}]
Capabilities {acceptInsecureCerts: false, browserName: chrome, browserVersion: 107.0.5304.123, chrome: {chromedriverVersion: 106.0.5249.61 (511755355844..., userDataDir: C:\Users\HP\AppData\Local\T...}, goog:chromeOptions: {debuggerAddress: localhost:54025}, networkConnectionEnabled: false, pageLoadStrategy: normal, platformName: WINDOWS, proxy: Proxy(), se:cdp: ws://localhost:54025/devtoo..., se:cdpVersion: 107.0.5304.123, setWindowRect: true, strictFileInteractability: false, timeouts: {implicit: 0, pageLoad: 300000, script: 30000}, unhandledPromptBehavior: dismiss and notify, webauthn:extension:credBlob: true, webauthn:extension:largeBlob: true, webauthn:virtualAuthenticators: true}
Element: [[ChromeDriver: chrome on WINDOWS (4980eeb675db44af4704b702860c8af1)] -&amp;gt; xpath: /html/body/app-root/app-login/main/form/button]
Session ID: 4980eeb675db44af4704b702860c8af1">
      <![CDATA[org.openqa.selenium.ElementClickInterceptedException: element click intercepted: Element <button _ngcontent-lrb-c30="" type="submit" class="w-100 btn btn-lg btn-primary" disabled="">...</button> is not clickable at point (768, 465). Other element would receive the click: <form _ngcontent-lrb-c30="" novalidate="" class="ng-dirty ng-touched ng-submitted ng-invalid">...</form>
  (Session info: chrome=107.0.5304.123)
Build info: version: '4.4.0', revision: 'e5c75ed026a'
System info: host: 'LAPTOP-FPBKDM00', ip: '192.168.1.2', os.name: 'Windows 10', os.arch: 'amd64', os.version: '10.0', java.version: '17.0.1'
Driver info: org.openqa.selenium.chrome.ChromeDriver
Command: [4980eeb675db44af4704b702860c8af1, clickElement {id=f6838a7f-ace4-471a-9d16-0ccf21d195ca}]
Capabilities {acceptInsecureCerts: false, browserName: chrome, browserVersion: 107.0.5304.123, chrome: {chromedriverVersion: 106.0.5249.61 (511755355844..., userDataDir: C:\Users\HP\AppData\Local\T...}, goog:chromeOptions: {debuggerAddress: localhost:54025}, networkConnectionEnabled: false, pageLoadStrategy: normal, platformName: WINDOWS, proxy: Proxy(), se:cdp: ws://localhost:54025/devtoo..., se:cdpVersion: 107.0.5304.123, setWindowRect: true, strictFileInteractability: false, timeouts: {implicit: 0, pageLoad: 300000, script: 30000}, unhandledPromptBehavior: dismiss and notify, webauthn:extension:credBlob: true, webauthn:extension:largeBlob: true, webauthn:virtualAuthenticators: true}
Element: [[ChromeDriver: chrome on WINDOWS (4980eeb675db44af4704b702860c8af1)] -> xpath: /html/body/app-root/app-login/main/form/button]
Session ID: 4980eeb675db44af4704b702860c8af1
at org.openqa.selenium.remote.codec.w3c.W3CHttpResponseCodec.createException(W3CHttpResponseCodec.java:200)
at org.openqa.selenium.remote.codec.w3c.W3CHttpResponseCodec.decode(W3CHttpResponseCodec.java:133)
at org.openqa.selenium.remote.codec.w3c.W3CHttpResponseCodec.decode(W3CHttpResponseCodec.java:53)
at org.openqa.selenium.remote.HttpCommandExecutor.execute(HttpCommandExecutor.java:184)
at org.openqa.selenium.remote.service.DriverCommandExecutor.invokeExecute(DriverCommandExecutor.java:167)
at org.openqa.selenium.remote.service.DriverCommandExecutor.execute(DriverCommandExecutor.java:142)
at org.openqa.selenium.remote.RemoteWebDriver.execute(RemoteWebDriver.java:547)
at org.openqa.selenium.remote.RemoteWebElement.execute(RemoteWebElement.java:257)
at org.openqa.selenium.remote.RemoteWebElement.click(RemoteWebElement.java:78)
at org.openqa.selenium.support.pagefactory.internal.LocatingElementHandler.invoke(LocatingElementHandler.java:52)
at jdk.proxy2/jdk.proxy2.$Proxy20.click(Unknown Source)
at com.TrainerManagementSystem.pageObjects.LoginPage.clickLoginButton(LoginPage.java:76)
at com.TrainerManagementSystem.testCases.TC_LoginTest.LoginTest(TC_LoginTest.java:30)
at java.base/java.util.ArrayList.forEach(ArrayList.java:1511)
... Removed 36 stack frames]]>
    </failure>
  </testcase> <!-- LoginTest -->
  <testcase classname="com.TrainerManagementSystem.testCases.TC_LoginTest" name="LoginTest" time="1.387">
    <failure type="org.openqa.selenium.ElementClickInterceptedException" message="element click intercepted: Element &amp;lt;button _ngcontent-lrb-c30=&amp;quot;&amp;quot; type=&amp;quot;submit&amp;quot; class=&amp;quot;w-100 btn btn-lg btn-primary&amp;quot; disabled=&amp;quot;&amp;quot;&amp;gt;...&amp;lt;/button&amp;gt; is not clickable at point (768, 465). Other element would receive the click: &amp;lt;form _ngcontent-lrb-c30=&amp;quot;&amp;quot; novalidate=&amp;quot;&amp;quot; class=&amp;quot;ng-dirty ng-touched ng-submitted ng-invalid&amp;quot;&amp;gt;...&amp;lt;/form&amp;gt;
  (Session info: chrome=107.0.5304.123)
Build info: version: &amp;apos;4.4.0&amp;apos;, revision: &amp;apos;e5c75ed026a&amp;apos;
System info: host: &amp;apos;LAPTOP-FPBKDM00&amp;apos;, ip: &amp;apos;192.168.1.2&amp;apos;, os.name: &amp;apos;Windows 10&amp;apos;, os.arch: &amp;apos;amd64&amp;apos;, os.version: &amp;apos;10.0&amp;apos;, java.version: &amp;apos;17.0.1&amp;apos;
Driver info: org.openqa.selenium.chrome.ChromeDriver
Command: [4980eeb675db44af4704b702860c8af1, clickElement {id=f6838a7f-ace4-471a-9d16-0ccf21d195ca}]
Capabilities {acceptInsecureCerts: false, browserName: chrome, browserVersion: 107.0.5304.123, chrome: {chromedriverVersion: 106.0.5249.61 (511755355844..., userDataDir: C:\Users\HP\AppData\Local\T...}, goog:chromeOptions: {debuggerAddress: localhost:54025}, networkConnectionEnabled: false, pageLoadStrategy: normal, platformName: WINDOWS, proxy: Proxy(), se:cdp: ws://localhost:54025/devtoo..., se:cdpVersion: 107.0.5304.123, setWindowRect: true, strictFileInteractability: false, timeouts: {implicit: 0, pageLoad: 300000, script: 30000}, unhandledPromptBehavior: dismiss and notify, webauthn:extension:credBlob: true, webauthn:extension:largeBlob: true, webauthn:virtualAuthenticators: true}
Element: [[ChromeDriver: chrome on WINDOWS (4980eeb675db44af4704b702860c8af1)] -&amp;gt; xpath: /html/body/app-root/app-login/main/form/button]
Session ID: 4980eeb675db44af4704b702860c8af1">
      <![CDATA[org.openqa.selenium.ElementClickInterceptedException: element click intercepted: Element <button _ngcontent-lrb-c30="" type="submit" class="w-100 btn btn-lg btn-primary" disabled="">...</button> is not clickable at point (768, 465). Other element would receive the click: <form _ngcontent-lrb-c30="" novalidate="" class="ng-dirty ng-touched ng-submitted ng-invalid">...</form>
  (Session info: chrome=107.0.5304.123)
Build info: version: '4.4.0', revision: 'e5c75ed026a'
System info: host: 'LAPTOP-FPBKDM00', ip: '192.168.1.2', os.name: 'Windows 10', os.arch: 'amd64', os.version: '10.0', java.version: '17.0.1'
Driver info: org.openqa.selenium.chrome.ChromeDriver
Command: [4980eeb675db44af4704b702860c8af1, clickElement {id=f6838a7f-ace4-471a-9d16-0ccf21d195ca}]
Capabilities {acceptInsecureCerts: false, browserName: chrome, browserVersion: 107.0.5304.123, chrome: {chromedriverVersion: 106.0.5249.61 (511755355844..., userDataDir: C:\Users\HP\AppData\Local\T...}, goog:chromeOptions: {debuggerAddress: localhost:54025}, networkConnectionEnabled: false, pageLoadStrategy: normal, platformName: WINDOWS, proxy: Proxy(), se:cdp: ws://localhost:54025/devtoo..., se:cdpVersion: 107.0.5304.123, setWindowRect: true, strictFileInteractability: false, timeouts: {implicit: 0, pageLoad: 300000, script: 30000}, unhandledPromptBehavior: dismiss and notify, webauthn:extension:credBlob: true, webauthn:extension:largeBlob: true, webauthn:virtualAuthenticators: true}
Element: [[ChromeDriver: chrome on WINDOWS (4980eeb675db44af4704b702860c8af1)] -> xpath: /html/body/app-root/app-login/main/form/button]
Session ID: 4980eeb675db44af4704b702860c8af1
at org.openqa.selenium.remote.codec.w3c.W3CHttpResponseCodec.createException(W3CHttpResponseCodec.java:200)
at org.openqa.selenium.remote.codec.w3c.W3CHttpResponseCodec.decode(W3CHttpResponseCodec.java:133)
at org.openqa.selenium.remote.codec.w3c.W3CHttpResponseCodec.decode(W3CHttpResponseCodec.java:53)
at org.openqa.selenium.remote.HttpCommandExecutor.execute(HttpCommandExecutor.java:184)
at org.openqa.selenium.remote.service.DriverCommandExecutor.invokeExecute(DriverCommandExecutor.java:167)
at org.openqa.selenium.remote.service.DriverCommandExecutor.execute(DriverCommandExecutor.java:142)
at org.openqa.selenium.remote.RemoteWebDriver.execute(RemoteWebDriver.java:547)
at org.openqa.selenium.remote.RemoteWebElement.execute(RemoteWebElement.java:257)
at org.openqa.selenium.remote.RemoteWebElement.click(RemoteWebElement.java:78)
at org.openqa.selenium.support.pagefactory.internal.LocatingElementHandler.invoke(LocatingElementHandler.java:52)
at jdk.proxy2/jdk.proxy2.$Proxy20.click(Unknown Source)
at com.TrainerManagementSystem.pageObjects.LoginPage.clickLoginButton(LoginPage.java:76)
at com.TrainerManagementSystem.testCases.TC_LoginTest.LoginTest(TC_LoginTest.java:30)
at java.base/java.util.ArrayList.forEach(ArrayList.java:1511)
... Removed 36 stack frames]]>
    </failure>
  </testcase> <!-- LoginTest -->
  <testcase classname="com.TrainerManagementSystem.testCases.TC_LoginTest" name="LoginTest" time="6.688"/>
  <testcase classname="com.TrainerManagementSystem.testCases.TC_LoginTest" name="LoginTest" time="3.681">
    <failure type="java.lang.AssertionError" message="expected [true] but found [false]">
      <![CDATA[java.lang.AssertionError: expected [true] but found [false]
at com.TrainerManagementSystem.testCases.TC_LoginTest.LoginTest(TC_LoginTest.java:59)
at java.base/java.util.ArrayList.forEach(ArrayList.java:1511)
... Removed 31 stack frames]]>
    </failure>
  </testcase> <!-- LoginTest -->
  <testcase classname="com.TrainerManagementSystem.testCases.TC_LoginTest" name="LoginTest" time="3.55">
    <failure type="java.lang.AssertionError" message="expected [true] but found [false]">
      <![CDATA[java.lang.AssertionError: expected [true] but found [false]
at com.TrainerManagementSystem.testCases.TC_LoginTest.LoginTest(TC_LoginTest.java:59)
at java.base/java.util.ArrayList.forEach(ArrayList.java:1511)
... Removed 31 stack frames]]>
    </failure>
  </testcase> <!-- LoginTest -->
</testsuite> <!-- LoginPageTest -->
