<!DOCTYPE html PUBLIC "-//W3C//DTD XHTML 1.1//EN" "https://www.w3.org/TR/xhtml11/DTD/xhtml11.dtd">
<html xmlns="https://www.w3.org/1999/xhtml">
<head>
<meta http-equiv="content-type" content="text/html; charset=UTF-8"/>
<title>TestNG Report</title>
<style type="text/css">table {margin-bottom:10px;border-collapse:collapse;empty-cells:show}th,td {border:1px solid #009;padding:.25em .5em}th {vertical-align:bottom}td {vertical-align:top}table a {font-weight:bold}.stripe td {background-color: #E6EBF9}.num {text-align:right}.passedodd td {background-color: #3F3}.passedeven td {background-color: #0A0}.skippedodd td {background-color: #DDD}.skippedeven td {background-color: #CCC}.failedodd td,.attn {background-color: #F33}.failedeven td,.stripe .attn {background-color: #D00}.stacktrace {white-space:pre;font-family:monospace}.totop {font-size:85%;text-align:center;border-bottom:2px solid #000}.invisible {display:none}</style>
</head>
<body>
<table>
<tr><th>Test</th><th># Passed</th><th># Skipped</th><th># Retried</th><th># Failed</th><th>Time (ms)</th><th>Included Groups</th><th>Excluded Groups</th></tr>
<tr><th colspan="8">Trainer Management System</th></tr>
<tr><td><a href="#t0">LoginPageTest</a></td><td class="num">2</td><td class="num">0</td><td class="num">0</td><td class="num attn">6</td><td class="num">46,447</td><td></td><td></td></tr>
</table>
<table id='summary'><thead><tr><th>Class</th><th>Method</th><th>Start</th><th>Time (ms)</th></tr></thead><tbody><tr><th colspan="4">Trainer Management System</th></tr></tbody><tbody id="t0"><tr><th colspan="4">LoginPageTest &#8212; failed</th></tr><tr class="failedeven"><td rowspan="6">com.TrainerManagementSystem.testCases.TC_LoginTest</td><td><a href="#m0">LoginTest</a></td><td rowspan="6">1669904568786</td><td rowspan="6">1418</td></tr><tr class="failedeven"><td><a href="#m1">LoginTest</a></td></tr><tr class="failedeven"><td><a href="#m2">LoginTest</a></td></tr><tr class="failedeven"><td><a href="#m3">LoginTest</a></td></tr><tr class="failedeven"><td><a href="#m4">LoginTest</a></td></tr><tr class="failedeven"><td><a href="#m5">LoginTest</a></td></tr><tr><th colspan="4">LoginPageTest &#8212; passed</th></tr><tr class="passedeven"><td rowspan="2">com.TrainerManagementSystem.testCases.TC_LoginTest</td><td><a href="#m6">LoginTest</a></td><td rowspan="2">1669904556239</td><td rowspan="2">7109</td></tr><tr class="passedeven"><td><a href="#m7">LoginTest</a></td></tr></tbody>
</table>
<h2>LoginPageTest</h2><h3 id="m0">com.TrainerManagementSystem.testCases.TC_LoginTest#LoginTest</h3><table class="result"><tr class="param"><th>Parameter #1</th><th>Parameter #2</th></tr><tr class="param stripe"><td>admin</td><td>admin</td></tr><tr><th colspan="2">Exception</th></tr><tr><td colspan="2"><div class="stacktrace">org.openqa.selenium.ElementClickInterceptedException: element click intercepted: Element &lt;button _ngcontent-lrb-c30=&quot;&quot; type=&quot;submit&quot; class=&quot;w-100 btn btn-lg btn-primary&quot; disabled=&quot;&quot;&gt;...&lt;/button&gt; is not clickable at point (768, 465). Other element would receive the click: &lt;form _ngcontent-lrb-c30=&quot;&quot; novalidate=&quot;&quot; class=&quot;ng-dirty ng-touched ng-submitted ng-invalid&quot;&gt;...&lt;/form&gt;
  (Session info: chrome=107.0.5304.123)
Build info: version: &apos;4.4.0&apos;, revision: &apos;e5c75ed026a&apos;
System info: host: &apos;LAPTOP-FPBKDM00&apos;, ip: &apos;192.168.1.2&apos;, os.name: &apos;Windows 10&apos;, os.arch: &apos;amd64&apos;, os.version: &apos;10.0&apos;, java.version: &apos;17.0.1&apos;
Driver info: org.openqa.selenium.chrome.ChromeDriver
Command: [4980eeb675db44af4704b702860c8af1, clickElement {id=f6838a7f-ace4-471a-9d16-0ccf21d195ca}]
Capabilities {acceptInsecureCerts: false, browserName: chrome, browserVersion: 107.0.5304.123, chrome: {chromedriverVersion: 106.0.5249.61 (511755355844..., userDataDir: C:\Users\HP\AppData\Local\T...}, goog:chromeOptions: {debuggerAddress: localhost:54025}, networkConnectionEnabled: false, pageLoadStrategy: normal, platformName: WINDOWS, proxy: Proxy(), se:cdp: ws://localhost:54025/devtoo..., se:cdpVersion: 107.0.5304.123, setWindowRect: true, strictFileInteractability: false, timeouts: {implicit: 0, pageLoad: 300000, script: 30000}, unhandledPromptBehavior: dismiss and notify, webauthn:extension:credBlob: true, webauthn:extension:largeBlob: true, webauthn:virtualAuthenticators: true}
Element: [[ChromeDriver: chrome on WINDOWS (4980eeb675db44af4704b702860c8af1)] -&gt; xpath: /html/body/app-root/app-login/main/form/button]
Session ID: 4980eeb675db44af4704b702860c8af1
	at org.openqa.selenium.remote.codec.w3c.W3CHttpResponseCodec.createException(W3CHttpResponseCodec.java:200)
	at org.openqa.selenium.remote.codec.w3c.W3CHttpResponseCodec.decode(W3CHttpResponseCodec.java:133)
	at org.openqa.selenium.remote.codec.w3c.W3CHttpResponseCodec.decode(W3CHttpResponseCodec.java:53)
	at org.openqa.selenium.remote.HttpCommandExecutor.execute(HttpCommandExecutor.java:184)
	at org.openqa.selenium.remote.service.DriverCommandExecutor.invokeExecute(DriverCommandExecutor.java:167)
	at org.openqa.selenium.remote.service.DriverCommandExecutor.execute(DriverCommandExecutor.java:142)
	at org.openqa.selenium.remote.RemoteWebDriver.execute(RemoteWebDriver.java:547)
	at org.openqa.selenium.remote.RemoteWebElement.execute(RemoteWebElement.java:257)
	at org.openqa.selenium.remote.RemoteWebElement.click(RemoteWebElement.java:78)
	at org.openqa.selenium.support.pagefactory.internal.LocatingElementHandler.invoke(LocatingElementHandler.java:52)
	at jdk.proxy2/jdk.proxy2.$Proxy20.click(Unknown Source)
	at com.TrainerManagementSystem.pageObjects.LoginPage.clickLoginButton(LoginPage.java:76)
	at com.TrainerManagementSystem.testCases.TC_LoginTest.LoginTest(TC_LoginTest.java:30)
	at java.base/java.util.ArrayList.forEach(ArrayList.java:1511)
... Removed 36 stack frames</div></td></tr></table><p class="totop"><a href="#summary">back to summary</a></p>
<h3 id="m1">com.TrainerManagementSystem.testCases.TC_LoginTest#LoginTest</h3><table class="result"><tr class="param"><th>Parameter #1</th><th>Parameter #2</th></tr><tr class="param stripe"><td>swathysagar.legacy@gmail.com</td><td>swathy7&amp;</td></tr><tr><th colspan="2">Exception</th></tr><tr><td colspan="2"><div class="stacktrace">java.lang.AssertionError: expected [true] but found [false]
	at com.TrainerManagementSystem.testCases.TC_LoginTest.LoginTest(TC_LoginTest.java:59)
	at java.base/java.util.ArrayList.forEach(ArrayList.java:1511)
... Removed 31 stack frames</div></td></tr></table><p class="totop"><a href="#summary">back to summary</a></p>
<h3 id="m2">com.TrainerManagementSystem.testCases.TC_LoginTest#LoginTest</h3><table class="result"><tr class="param"><th>Parameter #1</th><th>Parameter #2</th></tr><tr class="param stripe"><td>abc@</td><td>anu123</td></tr><tr><th colspan="2">Exception</th></tr><tr><td colspan="2"><div class="stacktrace">org.openqa.selenium.ElementClickInterceptedException: element click intercepted: Element &lt;button _ngcontent-lrb-c30=&quot;&quot; type=&quot;submit&quot; class=&quot;w-100 btn btn-lg btn-primary&quot; disabled=&quot;&quot;&gt;...&lt;/button&gt; is not clickable at point (768, 465). Other element would receive the click: &lt;form _ngcontent-lrb-c30=&quot;&quot; novalidate=&quot;&quot; class=&quot;ng-dirty ng-touched ng-submitted ng-invalid&quot;&gt;...&lt;/form&gt;
  (Session info: chrome=107.0.5304.123)
Build info: version: &apos;4.4.0&apos;, revision: &apos;e5c75ed026a&apos;
System info: host: &apos;LAPTOP-FPBKDM00&apos;, ip: &apos;192.168.1.2&apos;, os.name: &apos;Windows 10&apos;, os.arch: &apos;amd64&apos;, os.version: &apos;10.0&apos;, java.version: &apos;17.0.1&apos;
Driver info: org.openqa.selenium.chrome.ChromeDriver
Command: [4980eeb675db44af4704b702860c8af1, clickElement {id=f6838a7f-ace4-471a-9d16-0ccf21d195ca}]
Capabilities {acceptInsecureCerts: false, browserName: chrome, browserVersion: 107.0.5304.123, chrome: {chromedriverVersion: 106.0.5249.61 (511755355844..., userDataDir: C:\Users\HP\AppData\Local\T...}, goog:chromeOptions: {debuggerAddress: localhost:54025}, networkConnectionEnabled: false, pageLoadStrategy: normal, platformName: WINDOWS, proxy: Proxy(), se:cdp: ws://localhost:54025/devtoo..., se:cdpVersion: 107.0.5304.123, setWindowRect: true, strictFileInteractability: false, timeouts: {implicit: 0, pageLoad: 300000, script: 30000}, unhandledPromptBehavior: dismiss and notify, webauthn:extension:credBlob: true, webauthn:extension:largeBlob: true, webauthn:virtualAuthenticators: true}
Element: [[ChromeDriver: chrome on WINDOWS (4980eeb675db44af4704b702860c8af1)] -&gt; xpath: /html/body/app-root/app-login/main/form/button]
Session ID: 4980eeb675db44af4704b702860c8af1
	at org.openqa.selenium.remote.codec.w3c.W3CHttpResponseCodec.createException(W3CHttpResponseCodec.java:200)
	at org.openqa.selenium.remote.codec.w3c.W3CHttpResponseCodec.decode(W3CHttpResponseCodec.java:133)
	at org.openqa.selenium.remote.codec.w3c.W3CHttpResponseCodec.decode(W3CHttpResponseCodec.java:53)
	at org.openqa.selenium.remote.HttpCommandExecutor.execute(HttpCommandExecutor.java:184)
	at org.openqa.selenium.remote.service.DriverCommandExecutor.invokeExecute(DriverCommandExecutor.java:167)
	at org.openqa.selenium.remote.service.DriverCommandExecutor.execute(DriverCommandExecutor.java:142)
	at org.openqa.selenium.remote.RemoteWebDriver.execute(RemoteWebDriver.java:547)
	at org.openqa.selenium.remote.RemoteWebElement.execute(RemoteWebElement.java:257)
	at org.openqa.selenium.remote.RemoteWebElement.click(RemoteWebElement.java:78)
	at org.openqa.selenium.support.pagefactory.internal.LocatingElementHandler.invoke(LocatingElementHandler.java:52)
	at jdk.proxy2/jdk.proxy2.$Proxy20.click(Unknown Source)
	at com.TrainerManagementSystem.pageObjects.LoginPage.clickLoginButton(LoginPage.java:76)
	at com.TrainerManagementSystem.testCases.TC_LoginTest.LoginTest(TC_LoginTest.java:30)
	at java.base/java.util.ArrayList.forEach(ArrayList.java:1511)
... Removed 36 stack frames</div></td></tr></table><p class="totop"><a href="#summary">back to summary</a></p>
<h3 id="m3">com.TrainerManagementSystem.testCases.TC_LoginTest#LoginTest</h3><table class="result"><tr class="param"><th>Parameter #1</th><th>Parameter #2</th></tr><tr class="param stripe"><td>Anu@gamil.com</td><td>Anujoy12@</td></tr><tr><th colspan="2">Exception</th></tr><tr><td colspan="2"><div class="stacktrace">java.lang.AssertionError: expected [true] but found [false]
	at com.TrainerManagementSystem.testCases.TC_LoginTest.LoginTest(TC_LoginTest.java:59)
	at java.base/java.util.ArrayList.forEach(ArrayList.java:1511)
... Removed 31 stack frames</div></td></tr></table><p class="totop"><a href="#summary">back to summary</a></p>
<h3 id="m4">com.TrainerManagementSystem.testCases.TC_LoginTest#LoginTest</h3><table class="result"><tr class="param"><th>Parameter #1</th><th>Parameter #2</th></tr><tr class="param stripe"><td>admin@gamil.com</td><td>Admin123</td></tr><tr><th colspan="2">Exception</th></tr><tr><td colspan="2"><div class="stacktrace">java.lang.AssertionError: expected [true] but found [false]
	at com.TrainerManagementSystem.testCases.TC_LoginTest.LoginTest(TC_LoginTest.java:59)
	at java.base/java.util.ArrayList.forEach(ArrayList.java:1511)
... Removed 31 stack frames</div></td></tr></table><p class="totop"><a href="#summary">back to summary</a></p>
<h3 id="m5">com.TrainerManagementSystem.testCases.TC_LoginTest#LoginTest</h3><table class="result"><tr class="param"><th>Parameter #1</th><th>Parameter #2</th></tr><tr class="param stripe"><td>1234</td><td>1234</td></tr><tr><th colspan="2">Exception</th></tr><tr><td colspan="2"><div class="stacktrace">org.openqa.selenium.ElementClickInterceptedException: element click intercepted: Element &lt;button _ngcontent-lrb-c30=&quot;&quot; type=&quot;submit&quot; class=&quot;w-100 btn btn-lg btn-primary&quot; disabled=&quot;&quot;&gt;...&lt;/button&gt; is not clickable at point (768, 465). Other element would receive the click: &lt;form _ngcontent-lrb-c30=&quot;&quot; novalidate=&quot;&quot; class=&quot;ng-dirty ng-touched ng-submitted ng-invalid&quot;&gt;...&lt;/form&gt;
  (Session info: chrome=107.0.5304.123)
Build info: version: &apos;4.4.0&apos;, revision: &apos;e5c75ed026a&apos;
System info: host: &apos;LAPTOP-FPBKDM00&apos;, ip: &apos;192.168.1.2&apos;, os.name: &apos;Windows 10&apos;, os.arch: &apos;amd64&apos;, os.version: &apos;10.0&apos;, java.version: &apos;17.0.1&apos;
Driver info: org.openqa.selenium.chrome.ChromeDriver
Command: [4980eeb675db44af4704b702860c8af1, clickElement {id=f6838a7f-ace4-471a-9d16-0ccf21d195ca}]
Capabilities {acceptInsecureCerts: false, browserName: chrome, browserVersion: 107.0.5304.123, chrome: {chromedriverVersion: 106.0.5249.61 (511755355844..., userDataDir: C:\Users\HP\AppData\Local\T...}, goog:chromeOptions: {debuggerAddress: localhost:54025}, networkConnectionEnabled: false, pageLoadStrategy: normal, platformName: WINDOWS, proxy: Proxy(), se:cdp: ws://localhost:54025/devtoo..., se:cdpVersion: 107.0.5304.123, setWindowRect: true, strictFileInteractability: false, timeouts: {implicit: 0, pageLoad: 300000, script: 30000}, unhandledPromptBehavior: dismiss and notify, webauthn:extension:credBlob: true, webauthn:extension:largeBlob: true, webauthn:virtualAuthenticators: true}
Element: [[ChromeDriver: chrome on WINDOWS (4980eeb675db44af4704b702860c8af1)] -&gt; xpath: /html/body/app-root/app-login/main/form/button]
Session ID: 4980eeb675db44af4704b702860c8af1
	at org.openqa.selenium.remote.codec.w3c.W3CHttpResponseCodec.createException(W3CHttpResponseCodec.java:200)
	at org.openqa.selenium.remote.codec.w3c.W3CHttpResponseCodec.decode(W3CHttpResponseCodec.java:133)
	at org.openqa.selenium.remote.codec.w3c.W3CHttpResponseCodec.decode(W3CHttpResponseCodec.java:53)
	at org.openqa.selenium.remote.HttpCommandExecutor.execute(HttpCommandExecutor.java:184)
	at org.openqa.selenium.remote.service.DriverCommandExecutor.invokeExecute(DriverCommandExecutor.java:167)
	at org.openqa.selenium.remote.service.DriverCommandExecutor.execute(DriverCommandExecutor.java:142)
	at org.openqa.selenium.remote.RemoteWebDriver.execute(RemoteWebDriver.java:547)
	at org.openqa.selenium.remote.RemoteWebElement.execute(RemoteWebElement.java:257)
	at org.openqa.selenium.remote.RemoteWebElement.click(RemoteWebElement.java:78)
	at org.openqa.selenium.support.pagefactory.internal.LocatingElementHandler.invoke(LocatingElementHandler.java:52)
	at jdk.proxy2/jdk.proxy2.$Proxy20.click(Unknown Source)
	at com.TrainerManagementSystem.pageObjects.LoginPage.clickLoginButton(LoginPage.java:76)
	at com.TrainerManagementSystem.testCases.TC_LoginTest.LoginTest(TC_LoginTest.java:30)
	at java.base/java.util.ArrayList.forEach(ArrayList.java:1511)
... Removed 36 stack frames</div></td></tr></table><p class="totop"><a href="#summary">back to summary</a></p>
<h3 id="m6">com.TrainerManagementSystem.testCases.TC_LoginTest#LoginTest</h3><table class="result"><tr class="param"><th>Parameter #1</th><th>Parameter #2</th></tr><tr class="param stripe"><td>admin@gmail.com</td><td>1234</td></tr><tr><th colspan="2">Messages</th></tr><tr><td colspan="2"><div class="messages"><br>LoginTest:: Login test passed</br></div></td></tr></table><p class="totop"><a href="#summary">back to summary</a></p>
<h3 id="m7">com.TrainerManagementSystem.testCases.TC_LoginTest#LoginTest</h3><table class="result"><tr class="param"><th>Parameter #1</th><th>Parameter #2</th></tr><tr class="param stripe"><td>swathysagar.legacy@gmail.com</td><td>Swathy1@</td></tr><tr><th colspan="2">Messages</th></tr><tr><td colspan="2"><div class="messages"><br>LoginTest:: Login test passed</br></div></td></tr></table><p class="totop"><a href="#summary">back to summary</a></p>
</body>
</html>
